c:\users\stenk\source\repos\race\racelibrary\racelibrary\x64\debug\vc145.pdb
c:\users\stenk\source\repos\race\racelibrary\racelibrary\x64\debug\vc145.idb
c:\users\stenk\source\repos\race\racelibrary\racelibrary\x64\debug\vehicle.obj
c:\users\stenk\source\repos\race\racelibrary\racelibrary\x64\debug\race.obj
c:\users\stenk\source\repos\race\racelibrary\racelibrary\x64\debug\magiccarpet.obj
c:\users\stenk\source\repos\race\racelibrary\racelibrary\x64\debug\groundvehicle.obj
c:\users\stenk\source\repos\race\racelibrary\racelibrary\x64\debug\fastcamel.obj
c:\users\stenk\source\repos\race\racelibrary\racelibrary\x64\debug\eagle.obj
c:\users\stenk\source\repos\race\racelibrary\racelibrary\x64\debug\centaur.obj
c:\users\stenk\source\repos\race\racelibrary\racelibrary\x64\debug\camel.obj
c:\users\stenk\source\repos\race\racelibrary\racelibrary\x64\debug\broom.obj
c:\users\stenk\source\repos\race\racelibrary\racelibrary\x64\debug\boots.obj
c:\users\stenk\source\repos\race\racelibrary\racelibrary\x64\debug\airvehicle.obj
c:\users\stenk\source\repos\race\racelibrary\x64\debug\racelibrary.dll
c:\users\stenk\source\repos\race\racelibrary\x64\debug\racelibrary.pdb
c:\users\stenk\source\repos\race\racelibrary\x64\debug\racelibrary.lib
c:\users\stenk\source\repos\race\racelibrary\x64\debug\racelibrary.exp
c:\users\stenk\source\repos\race\racelibrary\racelibrary\x64\debug\racelibrary.ilk
c:\users\stenk\source\repos\race\racelibrary\racelibrary\x64\debug\racelibrary.tlog\cl.command.1.tlog
c:\users\stenk\source\repos\race\racelibrary\racelibrary\x64\debug\racelibrary.tlog\cl.items.tlog
c:\users\stenk\source\repos\race\racelibrary\racelibrary\x64\debug\racelibrary.tlog\cl.read.1.tlog
c:\users\stenk\source\repos\race\racelibrary\racelibrary\x64\debug\racelibrary.tlog\cl.write.1.tlog
c:\users\stenk\source\repos\race\racelibrary\racelibrary\x64\debug\racelibrary.tlog\link.command.1.tlog
c:\users\stenk\source\repos\race\racelibrary\racelibrary\x64\debug\racelibrary.tlog\link.read.1.tlog
c:\users\stenk\source\repos\race\racelibrary\racelibrary\x64\debug\racelibrary.tlog\link.secondary.1.tlog
c:\users\stenk\source\repos\race\racelibrary\racelibrary\x64\debug\racelibrary.tlog\link.write.1.tlog
